<?xml version="1.0" encoding="UTF-8"?>
<!-- Generated by org.testng.reporters.JUnitReportReporter -->
<testsuite hostname="DESKTOP-KL0LP3F" failures="0" tests="1" name="com.nopcommerce.testCases.TC_SearchCustomerByName_005" time="11.763" errors="0" timestamp="2021-09-13T16:31:37 EDT" skipped="0">
  <testcase classname="com.nopcommerce.testCases.TC_SearchCustomerByName_005" name="searchCustomerByName" time="11.763"/>
  <system-out/>
</testsuite> <!-- com.nopcommerce.testCases.TC_SearchCustomerByName_005 -->
