<?xml version="1.0" encoding="UTF-8"?>
<!-- Generated by org.testng.reporters.JUnitReportReporter -->
<testsuite hostname="DESKTOP-KL0LP3F" failures="0" tests="1" name="com.nopcommerce.testCases.TC_SearchCustomerByEmail_004" time="12.561" errors="0" timestamp="2021-09-13T16:31:37 EDT" skipped="0">
  <testcase classname="com.nopcommerce.testCases.TC_SearchCustomerByEmail_004" name="searchCustomerbyEmail" time="12.561"/>
  <system-out/>
</testsuite> <!-- com.nopcommerce.testCases.TC_SearchCustomerByEmail_004 -->
