<?xml version="1.0" encoding="UTF-8"?>
<!-- Generated by org.testng.reporters.JUnitReportReporter -->
<testsuite skipped="0" hostname="DESKTOP-KL0LP3F" name="com.nopcommerce.testCases.TC_SearchCustomerByName_005" tests="1" failures="0" timestamp="2021-09-13T17:43:26 EDT" time="14.955" errors="0">
  <testcase name="searchCustomerByName" time="14.955" classname="com.nopcommerce.testCases.TC_SearchCustomerByName_005"/>
  <system-out/>
</testsuite> <!-- com.nopcommerce.testCases.TC_SearchCustomerByName_005 -->
