<?xml version="1.0" encoding="UTF-8"?>
<!-- Generated by org.testng.reporters.JUnitReportReporter -->
<testsuite skipped="0" hostname="DESKTOP-KL0LP3F" name="com.nopcommerce.testCases.TC_AddCustomerTest_003" tests="1" failures="0" timestamp="2021-09-13T17:43:26 EDT" time="23.743" errors="0">
  <testcase name="addNewCustomer" time="23.743" classname="com.nopcommerce.testCases.TC_AddCustomerTest_003"/>
  <system-out/>
</testsuite> <!-- com.nopcommerce.testCases.TC_AddCustomerTest_003 -->
